<?xml version="1.0" encoding="UTF-8"?>
<!-- Generated by org.testng.reporters.JUnitXMLReporter -->
<testsuite ignored="0" hostname="DESKTOP-PK0MQ6H" failures="0" tests="4" name="Test" time="71.383" errors="0" timestamp="2022-10-02T16:11:55 IST">
  <testcase classname="com.testing.GoogleSearchTest" name="SearchTest" time="23.463"/>
  <testcase classname="com.testing.RegisterPage" name="RegisterPageTest" time="9.637"/>
  <testcase classname="com.testing.SignIn" name="signinTest" time="7.386"/>
  <testcase classname="com.testing.AddtoCart" name="AddCartTest" time="6.743"/>
</testsuite> <!-- Test -->
