<?xml version="1.0" encoding="UTF-8"?>
<!-- Generated by org.testng.reporters.JUnitXMLReporter -->
<testsuite ignored="0" hostname="DESKTOP-PK0MQ6H" failures="0" tests="4" name="Default test" time="68.695" errors="0" timestamp="2022-10-11T12:53:08 IST">
  <testcase classname="com.testing.AppTest" name="LaunchChrome" time="2.013"/>
  <testcase classname="com.testing.AppTest" name="LaunchOpera" time="4.003"/>
  <testcase classname="com.testing.AppTest" name="f" time="29.219"/>
  <testcase classname="com.testing.AppTest" name="firefox" time="33.4"/>
</testsuite> <!-- Default test -->
