<?xml version="1.0" encoding="UTF-8"?>
<!-- Generated by org.testng.reporters.JUnitXMLReporter -->
<testsuite ignored="3" hostname="DESKTOP-PK0MQ6H" failures="0" tests="1" name="Account" time="0.81" errors="0" timestamp="2022-09-27T10:36:25 IST">
  <testcase classname="com.service.AccountServiceTest" name="depositTest" time="0.805"/>
  <testcase classname="com.service.AccountServiceTest" name="createAccountTest" time="0.0">
    <ignored/>
  </testcase> <!-- createAccountTest -->
  <testcase classname="com.service.AccountServiceTest" name="findBalanceTest" time="0.0">
    <ignored/>
  </testcase> <!-- findBalanceTest -->
  <testcase classname="com.service.AccountServiceTest" name="withdrawnTest" time="0.0">
    <ignored/>
  </testcase> <!-- withdrawnTest -->
</testsuite> <!-- Account -->
