<?xml version="1.0" encoding="UTF-8"?>
<!-- Generated by org.testng.reporters.JUnitXMLReporter -->
<testsuite ignored="1" hostname="DESKTOP-PK0MQ6H" failures="0" tests="3" name="Operation" time="0.009" errors="0" timestamp="2022-09-27T10:36:25 IST">
  <testcase classname="com.service.OperationTest" name="divTest" time="0.001"/>
  <testcase classname="com.service.OperationTest" name="mulTest" time="0.0"/>
  <testcase classname="com.service.OperationTest" name="subTest" time="0.001"/>
  <testcase classname="com.service.OperationTest" name="addTest" time="0.0">
    <ignored/>
  </testcase> <!-- addTest -->
</testsuite> <!-- Operation -->
