<?xml version="1.0" encoding="UTF-8"?>
<!-- Generated by org.testng.reporters.JUnitXMLReporter -->
<testsuite ignored="2" hostname="DESKTOP-PK0MQ6H" failures="0" tests="2" name="Test" time="0.1" errors="0" timestamp="2022-09-27T10:36:24 IST">
  <testcase classname="com.service.HookTestingMethods" name="f2" time="0.014"/>
  <testcase classname="com.service.SampleTest" name="f1" time="0.007"/>
  <testcase classname="com.service.HookTestingMethods" name="f1" time="0.0">
    <ignored/>
  </testcase> <!-- f1 -->
  <testcase classname="com.service.SampleTest" name="f2" time="0.0">
    <ignored/>
  </testcase> <!-- f2 -->
</testsuite> <!-- Test -->
