<?xml version="1.0" encoding="UTF-8"?>
<!-- Generated by org.testng.reporters.JUnitXMLReporter -->
<testsuite ignored="0" hostname="DESKTOP-PK0MQ6H" failures="0" tests="6" name="Vehicle" time="0.103" errors="0" timestamp="2022-09-27T10:36:24 IST">
  <testcase classname="com.service.CarTest" name="color" time="0.004"/>
  <testcase classname="com.service.CarTest" name="milege" time="0.007"/>
  <testcase classname="com.service.CarTest" name="speed" time="0.011"/>
  <testcase classname="com.service.BikeTest" name="color" time="0.004"/>
  <testcase classname="com.service.BikeTest" name="milege" time="0.004"/>
  <testcase classname="com.service.BikeTest" name="speed" time="0.014"/>
</testsuite> <!-- Vehicle -->
