<?xml version="1.0" encoding="UTF-8"?>
<testng-results ignored="0" total="4" passed="4" failed="0" skipped="0">
  <reporter-output>
  </reporter-output>
  <suite started-at="2022-10-02T16:10:44 IST" name="Suite" finished-at="2022-10-02T16:11:55 IST" duration-ms="71383">
    <groups>
    </groups>
    <test started-at="2022-10-02T16:10:44 IST" name="Test" finished-at="2022-10-02T16:11:55 IST" duration-ms="71383">
      <class name="com.testing.RegisterPage">
        <test-method is-config="true" signature="beforeMethod()[pri:0, instance:com.testing.RegisterPage@659499f1]" started-at="2022-10-02T16:11:15 IST" name="beforeMethod" finished-at="2022-10-02T16:11:16 IST" duration-ms="1255" status="PASS">
          <reporter-output>
          </reporter-output>
        </test-method> <!-- beforeMethod -->
        <test-method signature="RegisterPageTest()[pri:0, instance:com.testing.RegisterPage@659499f1]" started-at="2022-10-02T16:11:16 IST" name="RegisterPageTest" finished-at="2022-10-02T16:11:25 IST" duration-ms="9637" status="PASS">
          <reporter-output>
          </reporter-output>
        </test-method> <!-- RegisterPageTest -->
        <test-method is-config="true" signature="afterMethod()[pri:0, instance:com.testing.RegisterPage@659499f1]" started-at="2022-10-02T16:11:25 IST" name="afterMethod" finished-at="2022-10-02T16:11:30 IST" duration-ms="4383" status="PASS">
          <reporter-output>
          </reporter-output>
        </test-method> <!-- afterMethod -->
      </class> <!-- com.testing.RegisterPage -->
      <class name="com.testing.GoogleSearchTest">
        <test-method is-config="true" signature="beforeMethod()[pri:0, instance:com.testing.GoogleSearchTest@74751b3]" started-at="2022-10-02T16:10:44 IST" name="beforeMethod" finished-at="2022-10-02T16:10:47 IST" duration-ms="2659" status="PASS">
          <reporter-output>
          </reporter-output>
        </test-method> <!-- beforeMethod -->
        <test-method signature="SearchTest()[pri:0, instance:com.testing.GoogleSearchTest@74751b3]" started-at="2022-10-02T16:10:47 IST" name="SearchTest" finished-at="2022-10-02T16:11:10 IST" duration-ms="23463" status="PASS">
          <reporter-output>
          </reporter-output>
        </test-method> <!-- SearchTest -->
        <test-method is-config="true" signature="afterMethod()[pri:0, instance:com.testing.GoogleSearchTest@74751b3]" started-at="2022-10-02T16:11:10 IST" name="afterMethod" finished-at="2022-10-02T16:11:15 IST" duration-ms="4482" status="PASS">
          <reporter-output>
          </reporter-output>
        </test-method> <!-- afterMethod -->
      </class> <!-- com.testing.GoogleSearchTest -->
      <class name="com.testing.AddtoCart">
        <test-method is-config="true" signature="beforeMethod()[pri:0, instance:com.testing.AddtoCart@47e2e487]" started-at="2022-10-02T16:11:43 IST" name="beforeMethod" finished-at="2022-10-02T16:11:44 IST" duration-ms="1247" status="PASS">
          <reporter-output>
          </reporter-output>
        </test-method> <!-- beforeMethod -->
        <test-method signature="AddCartTest()[pri:0, instance:com.testing.AddtoCart@47e2e487]" started-at="2022-10-02T16:11:44 IST" name="AddCartTest" finished-at="2022-10-02T16:11:51 IST" duration-ms="6743" status="PASS">
          <reporter-output>
          </reporter-output>
        </test-method> <!-- AddCartTest -->
        <test-method is-config="true" signature="afterMethod()[pri:0, instance:com.testing.AddtoCart@47e2e487]" started-at="2022-10-02T16:11:51 IST" name="afterMethod" finished-at="2022-10-02T16:11:55 IST" duration-ms="4376" status="PASS">
          <reporter-output>
          </reporter-output>
        </test-method> <!-- afterMethod -->
      </class> <!-- com.testing.AddtoCart -->
      <class name="com.testing.SignIn">
        <test-method is-config="true" signature="beforeMethod()[pri:0, instance:com.testing.SignIn@51e69659]" started-at="2022-10-02T16:11:30 IST" name="beforeMethod" finished-at="2022-10-02T16:11:31 IST" duration-ms="1289" status="PASS">
          <reporter-output>
          </reporter-output>
        </test-method> <!-- beforeMethod -->
        <test-method signature="signinTest()[pri:0, instance:com.testing.SignIn@51e69659]" started-at="2022-10-02T16:11:31 IST" name="signinTest" finished-at="2022-10-02T16:11:39 IST" duration-ms="7386" status="PASS">
          <reporter-output>
          </reporter-output>
        </test-method> <!-- signinTest -->
        <test-method is-config="true" signature="afterMethod()[pri:0, instance:com.testing.SignIn@51e69659]" started-at="2022-10-02T16:11:39 IST" name="afterMethod" finished-at="2022-10-02T16:11:43 IST" duration-ms="4374" status="PASS">
          <reporter-output>
          </reporter-output>
        </test-method> <!-- afterMethod -->
      </class> <!-- com.testing.SignIn -->
    </test> <!-- Test -->
  </suite> <!-- Suite -->
</testng-results>
